<?xml version="1.0" encoding="UTF-8"?>
<testsuite name="Run on Chrome"
           tests="7"
           failures="2"
           errors="0"
           skipped="0"
           time="60.450">
  <properties />
            <testcase name="TC_06_Check_Slant_Bet" time="2.102" classname="com.game789d.club.homepage_with_789dclub">
                <failure type="org.openqa.selenium.ElementClickInterceptedException"
                  message="element click intercepted: Element &lt;div class=&quot;master_fe_ViewStyles_asianNavTab&quot; style=&quot;&quot;&gt;...&lt;/div&gt; is not clickable at point (552, 173). Other element would receive the click: &lt;div class=&quot;master_fe_ViewStyles_betsPopupNavigation&quot;&gt;...&lt;/div&gt;
  (Session info: chrome=107.0.5304.122)
Build info: version: &apos;3.141.59&apos;, revision: &apos;e82be7d358&apos;, time: &apos;2018-11-14T08:17:03&apos;
System info: host: &apos;DESKTOP-MC950J7&apos;, ip: &apos;192.168.1.35&apos;, os.name: &apos;Windows 10&apos;, os.arch: &apos;amd64&apos;, os.version: &apos;10.0&apos;, java.version: &apos;17.0.2&apos;
Driver info: org.openqa.selenium.chrome.ChromeDriver
Capabilities {acceptInsecureCerts: false, browserName: chrome, browserVersion: 107.0.5304.122, chrome: {chromedriverVersion: 107.0.5304.62 (1eec40d3a576..., userDataDir: C:\Users\THISPC~1\AppData\L...}, goog:chromeOptions: {debuggerAddress: localhost:63796}, javascriptEnabled: true, networkConnectionEnabled: false, pageLoadStrategy: normal, platform: WINDOWS, platformName: WINDOWS, proxy: Proxy(), setWindowRect: true, strictFileInteractability: false, timeouts: {implicit: 0, pageLoad: 300000, script: 30000}, unhandledPromptBehavior: dismiss and notify, webauthn:extension:credBlob: true, webauthn:extension:largeBlob: true, webauthn:virtualAuthenticators: true}
Session ID: d86e783a0e4c5b520206f8cb528c11c5"
              >
<![CDATA[org.openqa.selenium.ElementClickInterceptedException: element click intercepted: Element <div class="master_fe_ViewStyles_asianNavTab" style="">...</div> is not clickable at point (552, 173). Other element would receive the click: <div class="master_fe_ViewStyles_betsPopupNavigation">...</div>
  (Session info: chrome=107.0.5304.122)
Build info: version: '3.141.59', revision: 'e82be7d358', time: '2018-11-14T08:17:03'
System info: host: 'DESKTOP-MC950J7', ip: '192.168.1.35', os.name: 'Windows 10', os.arch: 'amd64', os.version: '10.0', java.version: '17.0.2'
Driver info: org.openqa.selenium.chrome.ChromeDriver
Capabilities {acceptInsecureCerts: false, browserName: chrome, browserVersion: 107.0.5304.122, chrome: {chromedriverVersion: 107.0.5304.62 (1eec40d3a576..., userDataDir: C:\Users\THISPC~1\AppData\L...}, goog:chromeOptions: {debuggerAddress: localhost:63796}, javascriptEnabled: true, networkConnectionEnabled: false, pageLoadStrategy: normal, platform: WINDOWS, platformName: WINDOWS, proxy: Proxy(), setWindowRect: true, strictFileInteractability: false, timeouts: {implicit: 0, pageLoad: 300000, script: 30000}, unhandledPromptBehavior: dismiss and notify, webauthn:extension:credBlob: true, webauthn:extension:largeBlob: true, webauthn:virtualAuthenticators: true}
Session ID: d86e783a0e4c5b520206f8cb528c11c5
  java.base/jdk.internal.reflect.NativeConstructorAccessorImpl.newInstance0(Native Method)
  java.base/jdk.internal.reflect.NativeConstructorAccessorImpl.newInstance(NativeConstructorAccessorImpl.java:77)
  java.base/jdk.internal.reflect.DelegatingConstructorAccessorImpl.newInstance(DelegatingConstructorAccessorImpl.java:45)
  java.base/java.lang.reflect.Constructor.newInstanceWithCaller(Constructor.java:499)
  java.base/java.lang.reflect.Constructor.newInstance(Constructor.java:480)
  org.openqa.selenium.remote.http.W3CHttpResponseCodec.createException(W3CHttpResponseCodec.java:187)
  org.openqa.selenium.remote.http.W3CHttpResponseCodec.decode(W3CHttpResponseCodec.java:122)
  org.openqa.selenium.remote.http.W3CHttpResponseCodec.decode(W3CHttpResponseCodec.java:49)
  org.openqa.selenium.remote.HttpCommandExecutor.execute(HttpCommandExecutor.java:158)
  org.openqa.selenium.remote.service.DriverCommandExecutor.execute(DriverCommandExecutor.java:83)
  org.openqa.selenium.remote.RemoteWebDriver.execute(RemoteWebDriver.java:552)
  org.openqa.selenium.remote.RemoteWebElement.execute(RemoteWebElement.java:285)
  org.openqa.selenium.remote.RemoteWebElement.click(RemoteWebElement.java:84)
  commons.AbstractPage.clickToElement(AbstractPage.java:120)
  page789clubObjects.HomePageObject.clickToSportButton(HomePageObject.java:24)
  com.game789d.club.homepage_with_789dclub.TC_06_Check_Slant_Bet(homepage_with_789dclub.java:278)
  java.base/jdk.internal.reflect.NativeMethodAccessorImpl.invoke0(Native Method)
  java.base/jdk.internal.reflect.NativeMethodAccessorImpl.invoke(NativeMethodAccessorImpl.java:77)
  java.base/jdk.internal.reflect.DelegatingMethodAccessorImpl.invoke(DelegatingMethodAccessorImpl.java:43)
  java.base/java.lang.reflect.Method.invoke(Method.java:568)
  org.testng.internal.MethodInvocationHelper.invokeMethod(MethodInvocationHelper.java:124)
  org.testng.internal.Invoker.invokeMethod(Invoker.java:583)
  org.testng.internal.Invoker.invokeTestMethod(Invoker.java:719)
  org.testng.internal.Invoker.invokeTestMethods(Invoker.java:989)
  org.testng.internal.TestMethodWorker.invokeTestMethods(TestMethodWorker.java:125)
  org.testng.internal.TestMethodWorker.run(TestMethodWorker.java:109)
  org.testng.TestRunner.privateRun(TestRunner.java:648)
  org.testng.TestRunner.run(TestRunner.java:505)
  org.testng.SuiteRunner.runTest(SuiteRunner.java:455)
  org.testng.SuiteRunner.runSequentially(SuiteRunner.java:450)
  org.testng.SuiteRunner.privateRun(SuiteRunner.java:415)
  org.testng.SuiteRunner.run(SuiteRunner.java:364)
  org.testng.SuiteRunnerWorker.runSuite(SuiteRunnerWorker.java:52)
  org.testng.SuiteRunnerWorker.run(SuiteRunnerWorker.java:84)
  org.testng.TestNG.runSuitesSequentially(TestNG.java:1208)
  org.testng.TestNG.runSuitesLocally(TestNG.java:1137)
  org.testng.TestNG.runSuites(TestNG.java:1049)
  org.testng.TestNG.run(TestNG.java:1017)
  org.testng.remote.AbstractRemoteTestNG.run(AbstractRemoteTestNG.java:115)
  org.testng.remote.RemoteTestNG.initAndRun(RemoteTestNG.java:251)
  org.testng.remote.RemoteTestNG.main(RemoteTestNG.java:77)
]]>
      </failure>

          </testcase>
            <testcase name="TC_05_Check_History_Bet_And_Cancel" time="30.452" classname="com.game789d.club.homepage_with_789dclub">
                <failure type="org.openqa.selenium.TimeoutException"
                  message="Expected condition failed: waiting for visibility of element located by By.xpath: //div[contains(text(),&apos;3 tháng qua&apos;)] (tried for 30 second(s) with 500 milliseconds interval)
Build info: version: &apos;3.141.59&apos;, revision: &apos;e82be7d358&apos;, time: &apos;2018-11-14T08:17:03&apos;
System info: host: &apos;DESKTOP-MC950J7&apos;, ip: &apos;192.168.1.35&apos;, os.name: &apos;Windows 10&apos;, os.arch: &apos;amd64&apos;, os.version: &apos;10.0&apos;, java.version: &apos;17.0.2&apos;
Driver info: org.openqa.selenium.chrome.ChromeDriver
Capabilities {acceptInsecureCerts: false, browserName: chrome, browserVersion: 107.0.5304.122, chrome: {chromedriverVersion: 107.0.5304.62 (1eec40d3a576..., userDataDir: C:\Users\THISPC~1\AppData\L...}, goog:chromeOptions: {debuggerAddress: localhost:63796}, javascriptEnabled: true, networkConnectionEnabled: false, pageLoadStrategy: normal, platform: WINDOWS, platformName: WINDOWS, proxy: Proxy(), setWindowRect: true, strictFileInteractability: false, timeouts: {implicit: 0, pageLoad: 300000, script: 30000}, unhandledPromptBehavior: dismiss and notify, webauthn:extension:credBlob: true, webauthn:extension:largeBlob: true, webauthn:virtualAuthenticators: true}
Session ID: d86e783a0e4c5b520206f8cb528c11c5"
              >
<![CDATA[org.openqa.selenium.TimeoutException: Expected condition failed: waiting for visibility of element located by By.xpath: //div[contains(text(),'3 tháng qua')] (tried for 30 second(s) with 500 milliseconds interval)
Build info: version: '3.141.59', revision: 'e82be7d358', time: '2018-11-14T08:17:03'
System info: host: 'DESKTOP-MC950J7', ip: '192.168.1.35', os.name: 'Windows 10', os.arch: 'amd64', os.version: '10.0', java.version: '17.0.2'
Driver info: org.openqa.selenium.chrome.ChromeDriver
Capabilities {acceptInsecureCerts: false, browserName: chrome, browserVersion: 107.0.5304.122, chrome: {chromedriverVersion: 107.0.5304.62 (1eec40d3a576..., userDataDir: C:\Users\THISPC~1\AppData\L...}, goog:chromeOptions: {debuggerAddress: localhost:63796}, javascriptEnabled: true, networkConnectionEnabled: false, pageLoadStrategy: normal, platform: WINDOWS, platformName: WINDOWS, proxy: Proxy(), setWindowRect: true, strictFileInteractability: false, timeouts: {implicit: 0, pageLoad: 300000, script: 30000}, unhandledPromptBehavior: dismiss and notify, webauthn:extension:credBlob: true, webauthn:extension:largeBlob: true, webauthn:virtualAuthenticators: true}
Session ID: d86e783a0e4c5b520206f8cb528c11c5
  org.openqa.selenium.support.ui.WebDriverWait.timeoutException(WebDriverWait.java:95)
  org.openqa.selenium.support.ui.FluentWait.until(FluentWait.java:272)
  commons.AbstractPage.waitToElementVisuble(AbstractPage.java:382)
  page789clubObjects.HomePageObject.clickToDropdownTimeSelect(HomePageObject.java:186)
  com.game789d.club.homepage_with_789dclub.TC_05_Check_History_Bet_And_Cancel(homepage_with_789dclub.java:244)
  java.base/jdk.internal.reflect.NativeMethodAccessorImpl.invoke0(Native Method)
  java.base/jdk.internal.reflect.NativeMethodAccessorImpl.invoke(NativeMethodAccessorImpl.java:77)
  java.base/jdk.internal.reflect.DelegatingMethodAccessorImpl.invoke(DelegatingMethodAccessorImpl.java:43)
  java.base/java.lang.reflect.Method.invoke(Method.java:568)
  org.testng.internal.MethodInvocationHelper.invokeMethod(MethodInvocationHelper.java:124)
  org.testng.internal.Invoker.invokeMethod(Invoker.java:583)
  org.testng.internal.Invoker.invokeTestMethod(Invoker.java:719)
  org.testng.internal.Invoker.invokeTestMethods(Invoker.java:989)
  org.testng.internal.TestMethodWorker.invokeTestMethods(TestMethodWorker.java:125)
  org.testng.internal.TestMethodWorker.run(TestMethodWorker.java:109)
  org.testng.TestRunner.privateRun(TestRunner.java:648)
  org.testng.TestRunner.run(TestRunner.java:505)
  org.testng.SuiteRunner.runTest(SuiteRunner.java:455)
  org.testng.SuiteRunner.runSequentially(SuiteRunner.java:450)
  org.testng.SuiteRunner.privateRun(SuiteRunner.java:415)
  org.testng.SuiteRunner.run(SuiteRunner.java:364)
  org.testng.SuiteRunnerWorker.runSuite(SuiteRunnerWorker.java:52)
  org.testng.SuiteRunnerWorker.run(SuiteRunnerWorker.java:84)
  org.testng.TestNG.runSuitesSequentially(TestNG.java:1208)
  org.testng.TestNG.runSuitesLocally(TestNG.java:1137)
  org.testng.TestNG.runSuites(TestNG.java:1049)
  org.testng.TestNG.run(TestNG.java:1017)
  org.testng.remote.AbstractRemoteTestNG.run(AbstractRemoteTestNG.java:115)
  org.testng.remote.RemoteTestNG.initAndRun(RemoteTestNG.java:251)
  org.testng.remote.RemoteTestNG.main(RemoteTestNG.java:77)
]]>
      </failure>

          </testcase>
  
  
            <testcase name="TC_04_Check_Cancle_Bet" time="0.319" classname="com.game789d.club.homepage_with_789dclub" />
                <testcase name="TC_01_Check_Betting" time="11.821" classname="com.game789d.club.homepage_with_789dclub" />
                <testcase name="TC_07_Check_Slant_Bet" time="0.001" classname="com.game789d.club.homepage_with_789dclub" />
                <testcase name="TC_02_Check_Cancel_Bet_Successful" time="11.072" classname="com.game789d.club.homepage_with_789dclub" />
                <testcase name="TC_03_Check_Bet_Not_Successful" time="4.683" classname="com.game789d.club.homepage_with_789dclub" />
      
</testsuite>
