<?xml version="1.0" encoding="UTF-8"?>
<testng-results ignored="0" total="1" passed="0" failed="1" skipped="0">
  <reporter-output>
    <line>
      <![CDATA[[INFO ] [2022-12-30 15:56:42,490] TC_01_Check_Link_Int_Page - Step 01: Click to Giới Thiệu XO88
<br>]]>
    </line>
    <line>
      <![CDATA[[INFO ] [2022-12-30 15:56:44,816] TC_01_Check_Link_Int_Page - Step 02: Check Page được chuyển đến Giới Thiệu XO88
<br>]]>
    </line>
    <line>
      <![CDATA[[INFO ] [2022-12-30 15:56:44,836]  -------------------------- FAILED -------------------------- 
<br>]]>
    </line>
    <line>
      <![CDATA[[INFO ] [2022-12-30 15:56:44,866] TC_01_Check_Link_Int_Page - Step 01: Click to Điều Khoản & Điều Kiện
<br>]]>
    </line>
    <line>
      <![CDATA[[INFO ] [2022-12-30 15:56:46,999] TC_01_Check_Link_Int_Page - Step 02: Check Page được chuyển đến điều khoản & điều kiện
<br>]]>
    </line>
    <line>
      <![CDATA[[INFO ] [2022-12-30 15:56:47,013]  -------------------------- PASSED -------------------------- 
<br>]]>
    </line>
    <line>
      <![CDATA[[INFO ] [2022-12-30 15:56:47,013] TC_01_Check_Link_Int_Page - Step 01: Click to Chính sách Bảo mật
<br>]]>
    </line>
    <line>
      <![CDATA[[INFO ] [2022-12-30 15:56:49,122] TC_01_Check_Link_Int_Page - Step 02: Check Page được chuyển đến điều khoản & điều kiện
<br>]]>
    </line>
    <line>
      <![CDATA[[INFO ] [2022-12-30 15:56:49,140]  -------------------------- PASSED -------------------------- 
<br>]]>
    </line>
    <line>
      <![CDATA[[INFO ] [2022-12-30 15:56:49,140] TC_01_Check_Link_Int_Page - Step 01: Click to Hướng Dẫn Nạp Rút
<br>]]>
    </line>
    <line>
      <![CDATA[[INFO ] [2022-12-30 15:56:51,252] TC_01_Check_Link_Int_Page - Step 02: Check Page được chuyển đến điều khoản & điều kiện
<br>]]>
    </line>
    <line>
      <![CDATA[[INFO ] [2022-12-30 15:56:51,272]  -------------------------- PASSED -------------------------- 
<br>]]>
    </line>
    <line>
      <![CDATA[[INFO ] [2022-12-30 15:56:51,272] TC_01_Check_Link_Int_Page - Step 01: Click to Telegram
<br>]]>
    </line>
    <line>
      <![CDATA[[INFO ] [2022-12-30 15:56:51,272] TC_01_Check_Link_Int_Page - Step 02: Check Page được chuyển đến điều khoản & điều kiện
<br>]]>
    </line>
    <line>
      <![CDATA[[INFO ] [2022-12-30 15:56:51,283]  -------------------------- PASSED -------------------------- 
<br>]]>
    </line>
    <line>
      <![CDATA[<br><a target="_blank" href="file:///F:\04 - Windows Software\eclipse-java-2022-03-R-win32-x86_64\workspace\MAVEN_STHETHAO\ReportNGScreenShots\TC_01_Check_Link_Int_Page_30_12_2022_03_56_51.png"><img src="file:///F:\04 - Windows Software\eclipse-java-2022-03-R-win32-x86_64\workspace\MAVEN_STHETHAO\ReportNGScreenShots\TC_01_Check_Link_Int_Page_30_12_2022_03_56_51.png" height='100' width='150'/> </a></br>]]>
    </line>
  </reporter-output>
  <suite started-at="2022-12-30T08:56:33Z" name="Xo88" finished-at="2022-12-30T08:56:51Z" duration-ms="18007">
    <groups>
    </groups>
    <test started-at="2022-12-30T08:56:33Z" name="Run on Chrome" finished-at="2022-12-30T08:56:51Z" duration-ms="18007">
      <class name="com.xo88.info.page_int_link_with_xo88">
        <test-method is-config="true" signature="deleteAllFilesInReportNGScreenshot()[pri:0, instance:com.xo88.info.page_int_link_with_xo88@4f67e3df]" started-at="2022-12-30T08:56:33Z" name="deleteAllFilesInReportNGScreenshot" finished-at="2022-12-30T08:56:33Z" duration-ms="21" status="PASS">
          <reporter-output>
          </reporter-output>
        </test-method> <!-- deleteAllFilesInReportNGScreenshot -->
        <test-method is-config="true" signature="beforeClass(java.lang.String)[pri:0, instance:com.xo88.info.page_int_link_with_xo88@4f67e3df]" started-at="2022-12-30T08:56:33Z" name="beforeClass" finished-at="2022-12-30T08:56:42Z" duration-ms="8625" status="PASS">
          <params>
            <param index="0">
              <value>
                <![CDATA[chrome_ui]]>
              </value>
            </param>
          </params>
          <reporter-output>
          </reporter-output>
        </test-method> <!-- beforeClass -->
        <test-method signature="TC_01_Check_Link_Int_Page()[pri:0, instance:com.xo88.info.page_int_link_with_xo88@4f67e3df]" started-at="2022-12-30T08:56:42Z" name="TC_01_Check_Link_Int_Page" finished-at="2022-12-30T08:56:51Z" duration-ms="8916" status="FAIL">
          <exception class="java.lang.AssertionError">
            <message>
              <![CDATA[expected [true] but found [false]]]>
            </message>
            <full-stacktrace>
              <![CDATA[java.lang.AssertionError: expected [true] but found [false]
at org.testng.Assert.fail(Assert.java:96)
at org.testng.Assert.failNotEquals(Assert.java:776)
at org.testng.Assert.assertTrue(Assert.java:44)
at org.testng.Assert.assertTrue(Assert.java:54)
at commons.AbstractTest.checkTrue(AbstractTest.java:82)
at commons.AbstractTest.verifyTrue(AbstractTest.java:94)
at com.xo88.info.page_int_link_with_xo88.TC_01_Check_Link_Int_Page(page_int_link_with_xo88.java:50)
at java.base/jdk.internal.reflect.NativeMethodAccessorImpl.invoke0(Native Method)
at java.base/jdk.internal.reflect.NativeMethodAccessorImpl.invoke(NativeMethodAccessorImpl.java:77)
at java.base/jdk.internal.reflect.DelegatingMethodAccessorImpl.invoke(DelegatingMethodAccessorImpl.java:43)
at java.base/java.lang.reflect.Method.invoke(Method.java:568)
at org.testng.internal.MethodInvocationHelper.invokeMethod(MethodInvocationHelper.java:124)
at org.testng.internal.Invoker.invokeMethod(Invoker.java:583)
at org.testng.internal.Invoker.invokeTestMethod(Invoker.java:719)
at org.testng.internal.Invoker.invokeTestMethods(Invoker.java:989)
at org.testng.internal.TestMethodWorker.invokeTestMethods(TestMethodWorker.java:125)
at org.testng.internal.TestMethodWorker.run(TestMethodWorker.java:109)
at org.testng.TestRunner.privateRun(TestRunner.java:648)
at org.testng.TestRunner.run(TestRunner.java:505)
at org.testng.SuiteRunner.runTest(SuiteRunner.java:455)
at org.testng.SuiteRunner.runSequentially(SuiteRunner.java:450)
at org.testng.SuiteRunner.privateRun(SuiteRunner.java:415)
at org.testng.SuiteRunner.run(SuiteRunner.java:364)
at org.testng.SuiteRunnerWorker.runSuite(SuiteRunnerWorker.java:52)
at org.testng.SuiteRunnerWorker.run(SuiteRunnerWorker.java:84)
at org.testng.TestNG.runSuitesSequentially(TestNG.java:1208)
at org.testng.TestNG.runSuitesLocally(TestNG.java:1137)
at org.testng.TestNG.runSuites(TestNG.java:1049)
at org.testng.TestNG.run(TestNG.java:1017)
at org.testng.remote.AbstractRemoteTestNG.run(AbstractRemoteTestNG.java:115)
at org.testng.remote.RemoteTestNG.initAndRun(RemoteTestNG.java:251)
at org.testng.remote.RemoteTestNG.main(RemoteTestNG.java:77)
]]>
            </full-stacktrace>
          </exception> <!-- java.lang.AssertionError -->
          <reporter-output>
            <line>
              <![CDATA[[INFO ] [2022-12-30 15:56:42,490] TC_01_Check_Link_Int_Page - Step 01: Click to Giới Thiệu XO88
<br>]]>
            </line>
            <line>
              <![CDATA[[INFO ] [2022-12-30 15:56:44,816] TC_01_Check_Link_Int_Page - Step 02: Check Page được chuyển đến Giới Thiệu XO88
<br>]]>
            </line>
            <line>
              <![CDATA[[INFO ] [2022-12-30 15:56:44,836]  -------------------------- FAILED -------------------------- 
<br>]]>
            </line>
            <line>
              <![CDATA[[INFO ] [2022-12-30 15:56:44,866] TC_01_Check_Link_Int_Page - Step 01: Click to Điều Khoản & Điều Kiện
<br>]]>
            </line>
            <line>
              <![CDATA[[INFO ] [2022-12-30 15:56:46,999] TC_01_Check_Link_Int_Page - Step 02: Check Page được chuyển đến điều khoản & điều kiện
<br>]]>
            </line>
            <line>
              <![CDATA[[INFO ] [2022-12-30 15:56:47,013]  -------------------------- PASSED -------------------------- 
<br>]]>
            </line>
            <line>
              <![CDATA[[INFO ] [2022-12-30 15:56:47,013] TC_01_Check_Link_Int_Page - Step 01: Click to Chính sách Bảo mật
<br>]]>
            </line>
            <line>
              <![CDATA[[INFO ] [2022-12-30 15:56:49,122] TC_01_Check_Link_Int_Page - Step 02: Check Page được chuyển đến điều khoản & điều kiện
<br>]]>
            </line>
            <line>
              <![CDATA[[INFO ] [2022-12-30 15:56:49,140]  -------------------------- PASSED -------------------------- 
<br>]]>
            </line>
            <line>
              <![CDATA[[INFO ] [2022-12-30 15:56:49,140] TC_01_Check_Link_Int_Page - Step 01: Click to Hướng Dẫn Nạp Rút
<br>]]>
            </line>
            <line>
              <![CDATA[[INFO ] [2022-12-30 15:56:51,252] TC_01_Check_Link_Int_Page - Step 02: Check Page được chuyển đến điều khoản & điều kiện
<br>]]>
            </line>
            <line>
              <![CDATA[[INFO ] [2022-12-30 15:56:51,272]  -------------------------- PASSED -------------------------- 
<br>]]>
            </line>
            <line>
              <![CDATA[[INFO ] [2022-12-30 15:56:51,272] TC_01_Check_Link_Int_Page - Step 01: Click to Telegram
<br>]]>
            </line>
            <line>
              <![CDATA[[INFO ] [2022-12-30 15:56:51,272] TC_01_Check_Link_Int_Page - Step 02: Check Page được chuyển đến điều khoản & điều kiện
<br>]]>
            </line>
            <line>
              <![CDATA[[INFO ] [2022-12-30 15:56:51,283]  -------------------------- PASSED -------------------------- 
<br>]]>
            </line>
            <line>
              <![CDATA[<br><a target="_blank" href="file:///F:\04 - Windows Software\eclipse-java-2022-03-R-win32-x86_64\workspace\MAVEN_STHETHAO\ReportNGScreenShots\TC_01_Check_Link_Int_Page_30_12_2022_03_56_51.png"><img src="file:///F:\04 - Windows Software\eclipse-java-2022-03-R-win32-x86_64\workspace\MAVEN_STHETHAO\ReportNGScreenShots\TC_01_Check_Link_Int_Page_30_12_2022_03_56_51.png" height='100' width='150'/> </a></br>]]>
            </line>
          </reporter-output>
        </test-method> <!-- TC_01_Check_Link_Int_Page -->
      </class> <!-- com.xo88.info.page_int_link_with_xo88 -->
    </test> <!-- Run on Chrome -->
  </suite> <!-- Xo88 -->
</testng-results>
